{"/home/tunt/Data/hasura-todo-example/webhooks/dist/entity/audit.js": {"path":"/home/tunt/Data/hasura-todo-example/webhooks/dist/entity/audit.js","statementMap":{"0":{"start":{"line":2,"column":17},"end":{"line":7,"column":1}},"1":{"start":{"line":3,"column":12},"end":{"line":3,"column":28}},"2":{"start":{"line":3,"column":34},"end":{"line":3,"column":125}},"3":{"start":{"line":4,"column":4},"end":{"line":5,"column":150}},"4":{"start":{"line":4,"column":79},"end":{"line":4,"column":131}},"5":{"start":{"line":5,"column":9},"end":{"line":5,"column":150}},"6":{"start":{"line":5,"column":22},"end":{"line":5,"column":43}},"7":{"start":{"line":5,"column":58},"end":{"line":5,"column":150}},"8":{"start":{"line":5,"column":81},"end":{"line":5,"column":150}},"9":{"start":{"line":6,"column":4},"end":{"line":6,"column":66}},"10":{"start":{"line":8,"column":17},"end":{"line":10,"column":1}},"11":{"start":{"line":9,"column":4},"end":{"line":9,"column":109}},"12":{"start":{"line":9,"column":79},"end":{"line":9,"column":109}},"13":{"start":{"line":11,"column":0},"end":{"line":11,"column":62}},"14":{"start":{"line":12,"column":0},"end":{"line":12,"column":23}},"15":{"start":{"line":13,"column":18},"end":{"line":13,"column":36}},"16":{"start":{"line":14,"column":12},"end":{"line":15,"column":1}},"17":{"start":{"line":16,"column":0},"end":{"line":19,"column":34}},"18":{"start":{"line":20,"column":0},"end":{"line":23,"column":43}},"19":{"start":{"line":24,"column":0},"end":{"line":27,"column":42}},"20":{"start":{"line":28,"column":0},"end":{"line":30,"column":10}},"21":{"start":{"line":31,"column":0},"end":{"line":31,"column":22}}},"fnMap":{"0":{"name":"(anonymous_0)","decl":{"start":{"line":2,"column":46},"end":{"line":2,"column":47}},"loc":{"start":{"line":2,"column":87},"end":{"line":7,"column":1}},"line":2},"1":{"name":"(anonymous_1)","decl":{"start":{"line":8,"column":46},"end":{"line":8,"column":47}},"loc":{"start":{"line":8,"column":62},"end":{"line":10,"column":1}},"line":8}},"branchMap":{"0":{"loc":{"start":{"line":2,"column":17},"end":{"line":7,"column":1}},"type":"binary-expr","locations":[{"start":{"line":2,"column":18},"end":{"line":2,"column":22}},{"start":{"line":2,"column":26},"end":{"line":2,"column":41}},{"start":{"line":2,"column":46},"end":{"line":7,"column":1}}],"line":2},"1":{"loc":{"start":{"line":3,"column":34},"end":{"line":3,"column":125}},"type":"cond-expr","locations":[{"start":{"line":3,"column":42},"end":{"line":3,"column":48}},{"start":{"line":3,"column":51},"end":{"line":3,"column":125}}],"line":3},"2":{"loc":{"start":{"line":3,"column":51},"end":{"line":3,"column":125}},"type":"cond-expr","locations":[{"start":{"line":3,"column":67},"end":{"line":3,"column":118}},{"start":{"line":3,"column":121},"end":{"line":3,"column":125}}],"line":3},"3":{"loc":{"start":{"line":4,"column":4},"end":{"line":5,"column":150}},"type":"if","locations":[{"start":{"line":4,"column":4},"end":{"line":5,"column":150}},{"start":{"line":5,"column":9},"end":{"line":5,"column":150}}],"line":4},"4":{"loc":{"start":{"line":4,"column":8},"end":{"line":4,"column":77}},"type":"binary-expr","locations":[{"start":{"line":4,"column":8},"end":{"line":4,"column":35}},{"start":{"line":4,"column":39},"end":{"line":4,"column":77}}],"line":4},"5":{"loc":{"start":{"line":5,"column":58},"end":{"line":5,"column":150}},"type":"if","locations":[{"start":{"line":5,"column":58},"end":{"line":5,"column":150}},{"start":{},"end":{}}],"line":5},"6":{"loc":{"start":{"line":5,"column":85},"end":{"line":5,"column":149}},"type":"binary-expr","locations":[{"start":{"line":5,"column":86},"end":{"line":5,"column":143}},{"start":{"line":5,"column":148},"end":{"line":5,"column":149}}],"line":5},"7":{"loc":{"start":{"line":5,"column":86},"end":{"line":5,"column":143}},"type":"cond-expr","locations":[{"start":{"line":5,"column":94},"end":{"line":5,"column":98}},{"start":{"line":5,"column":101},"end":{"line":5,"column":143}}],"line":5},"8":{"loc":{"start":{"line":5,"column":101},"end":{"line":5,"column":143}},"type":"cond-expr","locations":[{"start":{"line":5,"column":109},"end":{"line":5,"column":126}},{"start":{"line":5,"column":129},"end":{"line":5,"column":143}}],"line":5},"9":{"loc":{"start":{"line":6,"column":11},"end":{"line":6,"column":62}},"type":"binary-expr","locations":[{"start":{"line":6,"column":11},"end":{"line":6,"column":16}},{"start":{"line":6,"column":20},"end":{"line":6,"column":21}},{"start":{"line":6,"column":25},"end":{"line":6,"column":62}}],"line":6},"10":{"loc":{"start":{"line":8,"column":17},"end":{"line":10,"column":1}},"type":"binary-expr","locations":[{"start":{"line":8,"column":18},"end":{"line":8,"column":22}},{"start":{"line":8,"column":26},"end":{"line":8,"column":41}},{"start":{"line":8,"column":46},"end":{"line":10,"column":1}}],"line":8},"11":{"loc":{"start":{"line":9,"column":4},"end":{"line":9,"column":109}},"type":"if","locations":[{"start":{"line":9,"column":4},"end":{"line":9,"column":109}},{"start":{},"end":{}}],"line":9},"12":{"loc":{"start":{"line":9,"column":8},"end":{"line":9,"column":77}},"type":"binary-expr","locations":[{"start":{"line":9,"column":8},"end":{"line":9,"column":35}},{"start":{"line":9,"column":39},"end":{"line":9,"column":77}}],"line":9}},"s":{"0":2,"1":8,"2":8,"3":8,"4":8,"5":0,"6":0,"7":0,"8":0,"9":8,"10":2,"11":6,"12":6,"13":2,"14":2,"15":2,"16":2,"17":2,"18":2,"19":2,"20":2,"21":2},"f":{"0":8,"1":6},"b":{"0":[2,2,2],"1":[2,6],"2":[0,6],"3":[8,0],"4":[8,8],"5":[0,0],"6":[0,0],"7":[0,0],"8":[0,0],"9":[8,6,0],"10":[2,2,2],"11":[6,0],"12":[6,6]},"inputSourceMap":null,"_coverageSchema":"1a1c01bbd47fc00a2c39e90264f33305004495a9","hash":"52c04a6fe29be7d5de20a6c3fb7b89df3499a33c"}
,"/home/tunt/Data/hasura-todo-example/webhooks/dist/entity/users.js": {"path":"/home/tunt/Data/hasura-todo-example/webhooks/dist/entity/users.js","statementMap":{"0":{"start":{"line":2,"column":17},"end":{"line":7,"column":1}},"1":{"start":{"line":3,"column":12},"end":{"line":3,"column":28}},"2":{"start":{"line":3,"column":34},"end":{"line":3,"column":125}},"3":{"start":{"line":4,"column":4},"end":{"line":5,"column":150}},"4":{"start":{"line":4,"column":79},"end":{"line":4,"column":131}},"5":{"start":{"line":5,"column":9},"end":{"line":5,"column":150}},"6":{"start":{"line":5,"column":22},"end":{"line":5,"column":43}},"7":{"start":{"line":5,"column":58},"end":{"line":5,"column":150}},"8":{"start":{"line":5,"column":81},"end":{"line":5,"column":150}},"9":{"start":{"line":6,"column":4},"end":{"line":6,"column":66}},"10":{"start":{"line":8,"column":17},"end":{"line":10,"column":1}},"11":{"start":{"line":9,"column":4},"end":{"line":9,"column":109}},"12":{"start":{"line":9,"column":79},"end":{"line":9,"column":109}},"13":{"start":{"line":11,"column":0},"end":{"line":11,"column":62}},"14":{"start":{"line":12,"column":0},"end":{"line":12,"column":22}},"15":{"start":{"line":13,"column":18},"end":{"line":13,"column":36}},"16":{"start":{"line":14,"column":11},"end":{"line":15,"column":1}},"17":{"start":{"line":16,"column":0},"end":{"line":19,"column":33}},"18":{"start":{"line":20,"column":0},"end":{"line":23,"column":35}},"19":{"start":{"line":24,"column":0},"end":{"line":26,"column":9}},"20":{"start":{"line":27,"column":0},"end":{"line":27,"column":20}}},"fnMap":{"0":{"name":"(anonymous_0)","decl":{"start":{"line":2,"column":46},"end":{"line":2,"column":47}},"loc":{"start":{"line":2,"column":87},"end":{"line":7,"column":1}},"line":2},"1":{"name":"(anonymous_1)","decl":{"start":{"line":8,"column":46},"end":{"line":8,"column":47}},"loc":{"start":{"line":8,"column":62},"end":{"line":10,"column":1}},"line":8}},"branchMap":{"0":{"loc":{"start":{"line":2,"column":17},"end":{"line":7,"column":1}},"type":"binary-expr","locations":[{"start":{"line":2,"column":18},"end":{"line":2,"column":22}},{"start":{"line":2,"column":26},"end":{"line":2,"column":41}},{"start":{"line":2,"column":46},"end":{"line":7,"column":1}}],"line":2},"1":{"loc":{"start":{"line":3,"column":34},"end":{"line":3,"column":125}},"type":"cond-expr","locations":[{"start":{"line":3,"column":42},"end":{"line":3,"column":48}},{"start":{"line":3,"column":51},"end":{"line":3,"column":125}}],"line":3},"2":{"loc":{"start":{"line":3,"column":51},"end":{"line":3,"column":125}},"type":"cond-expr","locations":[{"start":{"line":3,"column":67},"end":{"line":3,"column":118}},{"start":{"line":3,"column":121},"end":{"line":3,"column":125}}],"line":3},"3":{"loc":{"start":{"line":4,"column":4},"end":{"line":5,"column":150}},"type":"if","locations":[{"start":{"line":4,"column":4},"end":{"line":5,"column":150}},{"start":{"line":5,"column":9},"end":{"line":5,"column":150}}],"line":4},"4":{"loc":{"start":{"line":4,"column":8},"end":{"line":4,"column":77}},"type":"binary-expr","locations":[{"start":{"line":4,"column":8},"end":{"line":4,"column":35}},{"start":{"line":4,"column":39},"end":{"line":4,"column":77}}],"line":4},"5":{"loc":{"start":{"line":5,"column":58},"end":{"line":5,"column":150}},"type":"if","locations":[{"start":{"line":5,"column":58},"end":{"line":5,"column":150}},{"start":{},"end":{}}],"line":5},"6":{"loc":{"start":{"line":5,"column":85},"end":{"line":5,"column":149}},"type":"binary-expr","locations":[{"start":{"line":5,"column":86},"end":{"line":5,"column":143}},{"start":{"line":5,"column":148},"end":{"line":5,"column":149}}],"line":5},"7":{"loc":{"start":{"line":5,"column":86},"end":{"line":5,"column":143}},"type":"cond-expr","locations":[{"start":{"line":5,"column":94},"end":{"line":5,"column":98}},{"start":{"line":5,"column":101},"end":{"line":5,"column":143}}],"line":5},"8":{"loc":{"start":{"line":5,"column":101},"end":{"line":5,"column":143}},"type":"cond-expr","locations":[{"start":{"line":5,"column":109},"end":{"line":5,"column":126}},{"start":{"line":5,"column":129},"end":{"line":5,"column":143}}],"line":5},"9":{"loc":{"start":{"line":6,"column":11},"end":{"line":6,"column":62}},"type":"binary-expr","locations":[{"start":{"line":6,"column":11},"end":{"line":6,"column":16}},{"start":{"line":6,"column":20},"end":{"line":6,"column":21}},{"start":{"line":6,"column":25},"end":{"line":6,"column":62}}],"line":6},"10":{"loc":{"start":{"line":8,"column":17},"end":{"line":10,"column":1}},"type":"binary-expr","locations":[{"start":{"line":8,"column":18},"end":{"line":8,"column":22}},{"start":{"line":8,"column":26},"end":{"line":8,"column":41}},{"start":{"line":8,"column":46},"end":{"line":10,"column":1}}],"line":8},"11":{"loc":{"start":{"line":9,"column":4},"end":{"line":9,"column":109}},"type":"if","locations":[{"start":{"line":9,"column":4},"end":{"line":9,"column":109}},{"start":{},"end":{}}],"line":9},"12":{"loc":{"start":{"line":9,"column":8},"end":{"line":9,"column":77}},"type":"binary-expr","locations":[{"start":{"line":9,"column":8},"end":{"line":9,"column":35}},{"start":{"line":9,"column":39},"end":{"line":9,"column":77}}],"line":9}},"s":{"0":2,"1":6,"2":6,"3":6,"4":6,"5":0,"6":0,"7":0,"8":0,"9":6,"10":2,"11":4,"12":4,"13":2,"14":2,"15":2,"16":2,"17":2,"18":2,"19":2,"20":2},"f":{"0":6,"1":4},"b":{"0":[2,2,2],"1":[2,4],"2":[0,4],"3":[6,0],"4":[6,6],"5":[0,0],"6":[0,0],"7":[0,0],"8":[0,0],"9":[6,4,0],"10":[2,2,2],"11":[4,0],"12":[4,4]},"inputSourceMap":null,"_coverageSchema":"1a1c01bbd47fc00a2c39e90264f33305004495a9","hash":"659bf206d271cfd99e6700fe15993aed3936f6cb"}
,"/home/tunt/Data/hasura-todo-example/webhooks/src/routes.ts": {"path":"/home/tunt/Data/hasura-todo-example/webhooks/src/routes.ts","statementMap":{"0":{"start":{"line":1,"column":0},"end":{"line":1,"column":33}},"1":{"start":{"line":2,"column":0},"end":{"line":2,"column":null}},"2":{"start":{"line":5,"column":0},"end":{"line":5,"column":null}},"3":{"start":{"line":8,"column":0},"end":{"line":8,"column":54}},"4":{"start":{"line":10,"column":15},"end":{"line":10,"column":23}},"5":{"start":{"line":12,"column":0},"end":{"line":14,"column":null}},"6":{"start":{"line":16,"column":0},"end":{"line":16,"column":22}}},"fnMap":{},"branchMap":{},"s":{"0":1,"1":1,"2":1,"3":1,"4":1,"5":1,"6":1},"f":{},"b":{}}
,"/home/tunt/Data/hasura-todo-example/webhooks/src/controllers/events/events.controller.ts": {"path":"/home/tunt/Data/hasura-todo-example/webhooks/src/controllers/events/events.controller.ts","statementMap":{"0":{"start":{"line":2,"column":0},"end":{"line":2,"column":43}},"1":{"start":{"line":3,"column":0},"end":{"line":3,"column":38}},"2":{"start":{"line":4,"column":0},"end":{"line":4,"column":36}},"3":{"start":{"line":7,"column":4},"end":{"line":29,"column":null}},"4":{"start":{"line":9,"column":8},"end":{"line":9,"column":30}},"5":{"start":{"line":10,"column":32},"end":{"line":10,"column":52}},"6":{"start":{"line":11,"column":19},"end":{"line":11,"column":27}},"7":{"start":{"line":12,"column":8},"end":{"line":14,"column":null}},"8":{"start":{"line":13,"column":12},"end":{"line":13,"column":null}},"9":{"start":{"line":15,"column":25},"end":{"line":23,"column":10}},"10":{"start":{"line":24,"column":8},"end":{"line":24,"column":45}},"11":{"start":{"line":25,"column":8},"end":{"line":25,"column":27}},"12":{"start":{"line":27,"column":8},"end":{"line":27,"column":39}},"13":{"start":{"line":28,"column":8},"end":{"line":28,"column":59}},"14":{"start":{"line":6,"column":0},"end":{"line":6,"column":22}}},"fnMap":{"0":{"name":"todoItemEvent","decl":{"start":{"line":6,"column":22},"end":{"line":6,"column":35}},"loc":{"start":{"line":6,"column":59},"end":{"line":30,"column":null}}}},"branchMap":{"0":{"loc":{"start":{"line":12,"column":8},"end":{"line":14,"column":null}},"type":"if","locations":[{"start":{"line":12,"column":8},"end":{"line":14,"column":null}}]},"1":{"loc":{"start":{"line":12,"column":11},"end":{"line":12,"column":67}},"type":"binary-expr","locations":[{"start":{"line":12,"column":11},"end":{"line":12,"column":16}},{"start":{"line":12,"column":20},"end":{"line":12,"column":31}},{"start":{"line":12,"column":35},"end":{"line":12,"column":67}}]},"2":{"loc":{"start":{"line":12,"column":36},"end":{"line":12,"column":66}},"type":"cond-expr","locations":[{"start":{"line":12,"column":47},"end":{"line":12,"column":49}},{"start":{"line":12,"column":47},"end":{"line":12,"column":66}}]},"3":{"loc":{"start":{"line":12,"column":36},"end":{"line":12,"column":49}},"type":"binary-expr","locations":[{"start":{"line":12,"column":36},"end":{"line":12,"column":49}},{"start":{"line":12,"column":47},"end":{"line":12,"column":49}}]},"4":{"loc":{"start":{"line":12,"column":36},"end":{"line":12,"column":47}},"type":"cond-expr","locations":[{"start":{"line":12,"column":40},"end":{"line":12,"column":42}},{"start":{"line":12,"column":36},"end":{"line":12,"column":47}}]},"5":{"loc":{"start":{"line":12,"column":36},"end":{"line":12,"column":42}},"type":"binary-expr","locations":[{"start":{"line":12,"column":36},"end":{"line":12,"column":42}},{"start":{"line":12,"column":36},"end":{"line":12,"column":42}}]},"6":{"loc":{"start":{"line":18,"column":25},"end":{"line":18,"column":75}},"type":"cond-expr","locations":[{"start":{"line":18,"column":36},"end":{"line":18,"column":38}},{"start":{"line":18,"column":36},"end":{"line":18,"column":75}}]},"7":{"loc":{"start":{"line":18,"column":25},"end":{"line":18,"column":38}},"type":"binary-expr","locations":[{"start":{"line":18,"column":25},"end":{"line":18,"column":38}},{"start":{"line":18,"column":36},"end":{"line":18,"column":38}}]},"8":{"loc":{"start":{"line":18,"column":25},"end":{"line":18,"column":36}},"type":"cond-expr","locations":[{"start":{"line":18,"column":29},"end":{"line":18,"column":31}},{"start":{"line":18,"column":25},"end":{"line":18,"column":36}}]},"9":{"loc":{"start":{"line":18,"column":25},"end":{"line":18,"column":31}},"type":"binary-expr","locations":[{"start":{"line":18,"column":25},"end":{"line":18,"column":31}},{"start":{"line":18,"column":25},"end":{"line":18,"column":31}}]},"10":{"loc":{"start":{"line":19,"column":22},"end":{"line":19,"column":39}},"type":"cond-expr","locations":[{"start":{"line":19,"column":33},"end":{"line":19,"column":35}},{"start":{"line":19,"column":33},"end":{"line":19,"column":39}}]},"11":{"loc":{"start":{"line":19,"column":22},"end":{"line":19,"column":35}},"type":"binary-expr","locations":[{"start":{"line":19,"column":22},"end":{"line":19,"column":35}},{"start":{"line":19,"column":33},"end":{"line":19,"column":35}}]},"12":{"loc":{"start":{"line":19,"column":22},"end":{"line":19,"column":33}},"type":"cond-expr","locations":[{"start":{"line":19,"column":26},"end":{"line":19,"column":28}},{"start":{"line":19,"column":22},"end":{"line":19,"column":33}}]},"13":{"loc":{"start":{"line":19,"column":22},"end":{"line":19,"column":28}},"type":"binary-expr","locations":[{"start":{"line":19,"column":22},"end":{"line":19,"column":28}},{"start":{"line":19,"column":22},"end":{"line":19,"column":28}}]},"14":{"loc":{"start":{"line":20,"column":28},"end":{"line":20,"column":44}},"type":"cond-expr","locations":[{"start":{"line":20,"column":32},"end":{"line":20,"column":34}},{"start":{"line":20,"column":28},"end":{"line":20,"column":44}}]},"15":{"loc":{"start":{"line":20,"column":28},"end":{"line":20,"column":34}},"type":"binary-expr","locations":[{"start":{"line":20,"column":28},"end":{"line":20,"column":34}},{"start":{"line":20,"column":28},"end":{"line":20,"column":34}}]},"16":{"loc":{"start":{"line":21,"column":20},"end":{"line":21,"column":35}},"type":"cond-expr","locations":[{"start":{"line":21,"column":31},"end":{"line":21,"column":33}},{"start":{"line":21,"column":31},"end":{"line":21,"column":35}}]},"17":{"loc":{"start":{"line":21,"column":20},"end":{"line":21,"column":33}},"type":"binary-expr","locations":[{"start":{"line":21,"column":20},"end":{"line":21,"column":33}},{"start":{"line":21,"column":31},"end":{"line":21,"column":33}}]},"18":{"loc":{"start":{"line":21,"column":20},"end":{"line":21,"column":31}},"type":"cond-expr","locations":[{"start":{"line":21,"column":24},"end":{"line":21,"column":26}},{"start":{"line":21,"column":20},"end":{"line":21,"column":31}}]},"19":{"loc":{"start":{"line":21,"column":20},"end":{"line":21,"column":26}},"type":"binary-expr","locations":[{"start":{"line":21,"column":20},"end":{"line":21,"column":26}},{"start":{"line":21,"column":20},"end":{"line":21,"column":26}}]}},"s":{"0":1,"1":1,"2":1,"3":0,"4":0,"5":0,"6":0,"7":0,"8":0,"9":0,"10":0,"11":0,"12":0,"13":0,"14":1},"f":{"0":0},"b":{"0":[0],"1":[0,0,0],"2":[0,0],"3":[0,0],"4":[0,0],"5":[0,0],"6":[0,0],"7":[0,0],"8":[0,0],"9":[0,0],"10":[0,0],"11":[0,0],"12":[0,0],"13":[0,0],"14":[0,0],"15":[0,0],"16":[0,0],"17":[0,0],"18":[0,0],"19":[0,0]}}
,"/home/tunt/Data/hasura-todo-example/webhooks/src/controllers/wh/wh.controller.ts": {"path":"/home/tunt/Data/hasura-todo-example/webhooks/src/controllers/wh/wh.controller.ts","statementMap":{"0":{"start":{"line":4,"column":4},"end":{"line":20,"column":null}},"1":{"start":{"line":6,"column":29},"end":{"line":6,"column":37}},"2":{"start":{"line":7,"column":8},"end":{"line":16,"column":66}},"3":{"start":{"line":9,"column":28},"end":{"line":13,"column":14}},"4":{"start":{"line":14,"column":12},"end":{"line":14,"column":33}},"5":{"start":{"line":15,"column":12},"end":{"line":15,"column":30}},"6":{"start":{"line":16,"column":15},"end":{"line":16,"column":66}},"7":{"start":{"line":18,"column":8},"end":{"line":18,"column":40}},"8":{"start":{"line":19,"column":8},"end":{"line":19,"column":59}},"9":{"start":{"line":3,"column":0},"end":{"line":3,"column":22}}},"fnMap":{"0":{"name":"wh","decl":{"start":{"line":3,"column":22},"end":{"line":3,"column":24}},"loc":{"start":{"line":3,"column":48},"end":{"line":21,"column":null}}}},"branchMap":{"0":{"loc":{"start":{"line":7,"column":8},"end":{"line":16,"column":66}},"type":"if","locations":[{"start":{"line":7,"column":8},"end":{"line":16,"column":66}},{"start":{"line":16,"column":15},"end":{"line":16,"column":66}}]},"1":{"loc":{"start":{"line":7,"column":12},"end":{"line":7,"column":43}},"type":"binary-expr","locations":[{"start":{"line":7,"column":12},"end":{"line":7,"column":24}},{"start":{"line":7,"column":28},"end":{"line":7,"column":43}}]}},"s":{"0":1,"1":1,"2":1,"3":1,"4":1,"5":1,"6":0,"7":0,"8":0,"9":1},"f":{"0":1},"b":{"0":[1,0],"1":[1,1]}}
,"/home/tunt/Data/hasura-todo-example/webhooks/src/entity/audit.ts": {"path":"/home/tunt/Data/hasura-todo-example/webhooks/src/entity/audit.ts","statementMap":{"0":{"start":{"line":1,"column":0},"end":{"line":1,"column":74}},"1":{"start":{"line":4,"column":0},"end":{"line":13,"column":null}},"2":{"start":{"line":6,"column":2},"end":{"line":6,"column":null}},"3":{"start":{"line":9,"column":2},"end":{"line":9,"column":null}},"4":{"start":{"line":12,"column":2},"end":{"line":12,"column":null}},"5":{"start":{"line":4,"column":13},"end":{"line":13,"column":null}},"6":{"start":{"line":4,"column":13},"end":{"line":4,"column":18}}},"fnMap":{},"branchMap":{},"s":{"0":2,"1":2,"2":2,"3":2,"4":2,"5":2,"6":2},"f":{},"b":{}}
,"/home/tunt/Data/hasura-todo-example/webhooks/src/entity/users.ts": {"path":"/home/tunt/Data/hasura-todo-example/webhooks/src/entity/users.ts","statementMap":{"0":{"start":{"line":1,"column":0},"end":{"line":1,"column":56}},"1":{"start":{"line":4,"column":0},"end":{"line":10,"column":null}},"2":{"start":{"line":6,"column":2},"end":{"line":6,"column":null}},"3":{"start":{"line":9,"column":2},"end":{"line":9,"column":null}},"4":{"start":{"line":4,"column":13},"end":{"line":10,"column":null}},"5":{"start":{"line":4,"column":13},"end":{"line":4,"column":17}}},"fnMap":{},"branchMap":{},"s":{"0":2,"1":2,"2":2,"3":2,"4":2,"5":2},"f":{},"b":{}}
,"/home/tunt/Data/hasura-todo-example/webhooks/src/services/auth.service.ts": {"path":"/home/tunt/Data/hasura-todo-example/webhooks/src/services/auth.service.ts","statementMap":{"0":{"start":{"line":2,"column":0},"end":{"line":2,"column":40}},"1":{"start":{"line":3,"column":0},"end":{"line":3,"column":39}},"2":{"start":{"line":6,"column":4},"end":{"line":35,"column":null}},"3":{"start":{"line":7,"column":31},"end":{"line":7,"column":50}},"4":{"start":{"line":8,"column":8},"end":{"line":10,"column":null}},"5":{"start":{"line":9,"column":12},"end":{"line":9,"column":64}},"6":{"start":{"line":11,"column":22},"end":{"line":11,"column":61}},"7":{"start":{"line":13,"column":8},"end":{"line":32,"column":null}},"8":{"start":{"line":14,"column":12},"end":{"line":14,"column":37}},"9":{"start":{"line":15,"column":12},"end":{"line":15,"column":36}},"10":{"start":{"line":16,"column":12},"end":{"line":16,"column":35}},"11":{"start":{"line":17,"column":12},"end":{"line":17,"column":19}},"12":{"start":{"line":19,"column":29},"end":{"line":19,"column":118}},"13":{"start":{"line":20,"column":12},"end":{"line":22,"column":null}},"14":{"start":{"line":21,"column":16},"end":{"line":21,"column":68}},"15":{"start":{"line":23,"column":28},"end":{"line":23,"column":79}},"16":{"start":{"line":24,"column":12},"end":{"line":31,"column":null}},"17":{"start":{"line":25,"column":16},"end":{"line":25,"column":37}},"18":{"start":{"line":26,"column":16},"end":{"line":26,"column":39}},"19":{"start":{"line":27,"column":16},"end":{"line":27,"column":39}},"20":{"start":{"line":28,"column":16},"end":{"line":28,"column":23}},"21":{"start":{"line":30,"column":16},"end":{"line":30,"column":68}},"22":{"start":{"line":34,"column":8},"end":{"line":34,"column":18}},"23":{"start":{"line":5,"column":0},"end":{"line":5,"column":22}}},"fnMap":{"0":{"name":"verifyToken","decl":{"start":{"line":5,"column":22},"end":{"line":5,"column":33}},"loc":{"start":{"line":5,"column":77},"end":{"line":36,"column":null}}}},"branchMap":{"0":{"loc":{"start":{"line":8,"column":8},"end":{"line":10,"column":null}},"type":"if","locations":[{"start":{"line":8,"column":8},"end":{"line":10,"column":null}}]},"1":{"loc":{"start":{"line":8,"column":11},"end":{"line":8,"column":81}},"type":"binary-expr","locations":[{"start":{"line":8,"column":11},"end":{"line":8,"column":37}},{"start":{"line":8,"column":41},"end":{"line":8,"column":81}}]},"2":{"loc":{"start":{"line":13,"column":8},"end":{"line":32,"column":null}},"type":"if","locations":[{"start":{"line":13,"column":8},"end":{"line":32,"column":null}},{"start":{"line":18,"column":14},"end":{"line":32,"column":null}}]},"3":{"loc":{"start":{"line":20,"column":12},"end":{"line":22,"column":null}},"type":"if","locations":[{"start":{"line":20,"column":12},"end":{"line":22,"column":null}}]},"4":{"loc":{"start":{"line":24,"column":12},"end":{"line":31,"column":null}},"type":"if","locations":[{"start":{"line":24,"column":12},"end":{"line":31,"column":null}},{"start":{"line":29,"column":19},"end":{"line":31,"column":null}}]},"5":{"loc":{"start":{"line":24,"column":16},"end":{"line":24,"column":41}},"type":"binary-expr","locations":[{"start":{"line":24,"column":16},"end":{"line":24,"column":25}},{"start":{"line":24,"column":29},"end":{"line":24,"column":41}}]}},"s":{"0":1,"1":1,"2":2,"3":2,"4":2,"5":0,"6":2,"7":2,"8":1,"9":1,"10":1,"11":1,"12":1,"13":1,"14":1,"15":0,"16":0,"17":0,"18":0,"19":0,"20":0,"21":0,"22":0,"23":1},"f":{"0":2},"b":{"0":[0],"1":[2,2],"2":[1,1],"3":[1],"4":[0,0],"5":[0,0]}}
,"/home/tunt/Data/hasura-todo-example/webhooks/src/ultils/db.ts": {"path":"/home/tunt/Data/hasura-todo-example/webhooks/src/ultils/db.ts","statementMap":{"0":{"start":{"line":1,"column":0},"end":{"line":1,"column":53}},"1":{"start":{"line":2,"column":0},"end":{"line":2,"column":33}},"2":{"start":{"line":3,"column":0},"end":{"line":3,"column":16}},"3":{"start":{"line":5,"column":4},"end":{"line":25,"column":null}},"4":{"start":{"line":6,"column":8},"end":{"line":24,"column":null}},"5":{"start":{"line":20,"column":36},"end":{"line":22,"column":14}},"6":{"start":{"line":21,"column":16},"end":{"line":21,"column":36}},"7":{"start":{"line":23,"column":12},"end":{"line":23,"column":24}},"8":{"start":{"line":4,"column":0},"end":{"line":4,"column":22}},"9":{"start":{"line":29,"column":4},"end":{"line":29,"column":36}},"10":{"start":{"line":28,"column":0},"end":{"line":28,"column":22}}},"fnMap":{"0":{"name":"createDB","decl":{"start":{"line":4,"column":22},"end":{"line":4,"column":30}},"loc":{"start":{"line":4,"column":30},"end":{"line":26,"column":null}}},"1":{"name":"(anonymous_15)","decl":{"start":{"line":5,"column":35},"end":{"line":5,"column":45}},"loc":{"start":{"line":5,"column":60},"end":{"line":25,"column":5}}},"2":{"name":"(anonymous_16)","decl":{"start":{"line":20,"column":15},"end":{"line":20,"column":22}},"loc":{"start":{"line":20,"column":36},"end":{"line":22,"column":14}}},"3":{"name":"(anonymous_17)","decl":{"start":{"line":20,"column":36},"end":{"line":20,"column":null}},"loc":{"start":{"line":20,"column":36},"end":{"line":22,"column":13}}},"4":{"name":"(anonymous_18)","decl":{"start":{"line":22,"column":21},"end":{"line":22,"column":31}},"loc":{"start":{"line":22,"column":34},"end":{"line":24,"column":9}}},"5":{"name":"closeDB","decl":{"start":{"line":28,"column":22},"end":{"line":28,"column":29}},"loc":{"start":{"line":28,"column":52},"end":{"line":30,"column":null}}}},"branchMap":{},"s":{"0":2,"1":2,"2":2,"3":2,"4":2,"5":2,"6":2,"7":0,"8":2,"9":1,"10":2},"f":{"0":2,"1":2,"2":2,"3":2,"4":0,"5":1},"b":{}}
,"/home/tunt/Data/hasura-todo-example/webhooks/src/ultils/server.ts": {"path":"/home/tunt/Data/hasura-todo-example/webhooks/src/ultils/server.ts","statementMap":{"0":{"start":{"line":1,"column":0},"end":{"line":1,"column":56}},"1":{"start":{"line":2,"column":0},"end":{"line":2,"column":24}},"2":{"start":{"line":3,"column":0},"end":{"line":3,"column":31}},"3":{"start":{"line":4,"column":12},"end":{"line":4,"column":21}},"4":{"start":{"line":7,"column":4},"end":{"line":7,"column":28}},"5":{"start":{"line":8,"column":4},"end":{"line":8,"column":20}},"6":{"start":{"line":9,"column":4},"end":{"line":9,"column":24}},"7":{"start":{"line":11,"column":4},"end":{"line":14,"column":7}},"8":{"start":{"line":12,"column":8},"end":{"line":12,"column":27}},"9":{"start":{"line":13,"column":8},"end":{"line":13,"column":51}},"10":{"start":{"line":16,"column":4},"end":{"line":16,"column":15}},"11":{"start":{"line":6,"column":0},"end":{"line":6,"column":22}}},"fnMap":{"0":{"name":"createServer","decl":{"start":{"line":6,"column":22},"end":{"line":6,"column":34}},"loc":{"start":{"line":6,"column":34},"end":{"line":17,"column":null}}},"1":{"name":"(anonymous_10)","decl":{"start":{"line":11,"column":12},"end":{"line":11,"column":22}},"loc":{"start":{"line":11,"column":77},"end":{"line":14,"column":5}}}},"branchMap":{},"s":{"0":1,"1":1,"2":1,"3":1,"4":1,"5":1,"6":1,"7":1,"8":0,"9":0,"10":1,"11":1},"f":{"0":1,"1":0},"b":{}}
}
