{"/Users/tunguyen/Sites/interview-exercise-backend-main/webhooks/src/routes.ts": {"path":"/Users/tunguyen/Sites/interview-exercise-backend-main/webhooks/src/routes.ts","statementMap":{"0":{"start":{"line":1,"column":0},"end":{"line":1,"column":33}},"1":{"start":{"line":2,"column":0},"end":{"line":2,"column":null}},"2":{"start":{"line":5,"column":0},"end":{"line":5,"column":null}},"3":{"start":{"line":8,"column":0},"end":{"line":8,"column":54}},"4":{"start":{"line":10,"column":15},"end":{"line":10,"column":23}},"5":{"start":{"line":12,"column":0},"end":{"line":14,"column":null}},"6":{"start":{"line":16,"column":0},"end":{"line":16,"column":22}}},"fnMap":{},"branchMap":{},"s":{"0":1,"1":1,"2":1,"3":1,"4":1,"5":1,"6":1},"f":{},"b":{}}
,"/Users/tunguyen/Sites/interview-exercise-backend-main/webhooks/src/controllers/events/events.controller.ts": {"path":"/Users/tunguyen/Sites/interview-exercise-backend-main/webhooks/src/controllers/events/events.controller.ts","statementMap":{"0":{"start":{"line":2,"column":0},"end":{"line":2,"column":43}},"1":{"start":{"line":3,"column":0},"end":{"line":3,"column":38}},"2":{"start":{"line":4,"column":0},"end":{"line":4,"column":36}},"3":{"start":{"line":7,"column":4},"end":{"line":29,"column":null}},"4":{"start":{"line":9,"column":8},"end":{"line":9,"column":30}},"5":{"start":{"line":10,"column":32},"end":{"line":10,"column":52}},"6":{"start":{"line":11,"column":19},"end":{"line":11,"column":27}},"7":{"start":{"line":12,"column":8},"end":{"line":14,"column":null}},"8":{"start":{"line":13,"column":12},"end":{"line":13,"column":null}},"9":{"start":{"line":15,"column":25},"end":{"line":23,"column":10}},"10":{"start":{"line":24,"column":8},"end":{"line":24,"column":45}},"11":{"start":{"line":25,"column":8},"end":{"line":25,"column":27}},"12":{"start":{"line":27,"column":8},"end":{"line":27,"column":39}},"13":{"start":{"line":28,"column":8},"end":{"line":28,"column":59}},"14":{"start":{"line":6,"column":0},"end":{"line":6,"column":22}}},"fnMap":{"0":{"name":"todoItemEvent","decl":{"start":{"line":6,"column":22},"end":{"line":6,"column":35}},"loc":{"start":{"line":6,"column":59},"end":{"line":30,"column":null}}}},"branchMap":{"0":{"loc":{"start":{"line":12,"column":8},"end":{"line":14,"column":null}},"type":"if","locations":[{"start":{"line":12,"column":8},"end":{"line":14,"column":null}}]},"1":{"loc":{"start":{"line":12,"column":11},"end":{"line":12,"column":67}},"type":"binary-expr","locations":[{"start":{"line":12,"column":11},"end":{"line":12,"column":16}},{"start":{"line":12,"column":20},"end":{"line":12,"column":31}},{"start":{"line":12,"column":35},"end":{"line":12,"column":67}}]},"2":{"loc":{"start":{"line":12,"column":36},"end":{"line":12,"column":66}},"type":"cond-expr","locations":[{"start":{"line":12,"column":47},"end":{"line":12,"column":49}},{"start":{"line":12,"column":47},"end":{"line":12,"column":66}}]},"3":{"loc":{"start":{"line":12,"column":36},"end":{"line":12,"column":49}},"type":"binary-expr","locations":[{"start":{"line":12,"column":36},"end":{"line":12,"column":49}},{"start":{"line":12,"column":47},"end":{"line":12,"column":49}}]},"4":{"loc":{"start":{"line":12,"column":36},"end":{"line":12,"column":47}},"type":"cond-expr","locations":[{"start":{"line":12,"column":40},"end":{"line":12,"column":42}},{"start":{"line":12,"column":36},"end":{"line":12,"column":47}}]},"5":{"loc":{"start":{"line":12,"column":36},"end":{"line":12,"column":42}},"type":"binary-expr","locations":[{"start":{"line":12,"column":36},"end":{"line":12,"column":42}},{"start":{"line":12,"column":36},"end":{"line":12,"column":42}}]},"6":{"loc":{"start":{"line":18,"column":25},"end":{"line":18,"column":75}},"type":"cond-expr","locations":[{"start":{"line":18,"column":36},"end":{"line":18,"column":38}},{"start":{"line":18,"column":36},"end":{"line":18,"column":75}}]},"7":{"loc":{"start":{"line":18,"column":25},"end":{"line":18,"column":38}},"type":"binary-expr","locations":[{"start":{"line":18,"column":25},"end":{"line":18,"column":38}},{"start":{"line":18,"column":36},"end":{"line":18,"column":38}}]},"8":{"loc":{"start":{"line":18,"column":25},"end":{"line":18,"column":36}},"type":"cond-expr","locations":[{"start":{"line":18,"column":29},"end":{"line":18,"column":31}},{"start":{"line":18,"column":25},"end":{"line":18,"column":36}}]},"9":{"loc":{"start":{"line":18,"column":25},"end":{"line":18,"column":31}},"type":"binary-expr","locations":[{"start":{"line":18,"column":25},"end":{"line":18,"column":31}},{"start":{"line":18,"column":25},"end":{"line":18,"column":31}}]},"10":{"loc":{"start":{"line":19,"column":22},"end":{"line":19,"column":39}},"type":"cond-expr","locations":[{"start":{"line":19,"column":33},"end":{"line":19,"column":35}},{"start":{"line":19,"column":33},"end":{"line":19,"column":39}}]},"11":{"loc":{"start":{"line":19,"column":22},"end":{"line":19,"column":35}},"type":"binary-expr","locations":[{"start":{"line":19,"column":22},"end":{"line":19,"column":35}},{"start":{"line":19,"column":33},"end":{"line":19,"column":35}}]},"12":{"loc":{"start":{"line":19,"column":22},"end":{"line":19,"column":33}},"type":"cond-expr","locations":[{"start":{"line":19,"column":26},"end":{"line":19,"column":28}},{"start":{"line":19,"column":22},"end":{"line":19,"column":33}}]},"13":{"loc":{"start":{"line":19,"column":22},"end":{"line":19,"column":28}},"type":"binary-expr","locations":[{"start":{"line":19,"column":22},"end":{"line":19,"column":28}},{"start":{"line":19,"column":22},"end":{"line":19,"column":28}}]},"14":{"loc":{"start":{"line":20,"column":28},"end":{"line":20,"column":44}},"type":"cond-expr","locations":[{"start":{"line":20,"column":32},"end":{"line":20,"column":34}},{"start":{"line":20,"column":28},"end":{"line":20,"column":44}}]},"15":{"loc":{"start":{"line":20,"column":28},"end":{"line":20,"column":34}},"type":"binary-expr","locations":[{"start":{"line":20,"column":28},"end":{"line":20,"column":34}},{"start":{"line":20,"column":28},"end":{"line":20,"column":34}}]},"16":{"loc":{"start":{"line":21,"column":20},"end":{"line":21,"column":35}},"type":"cond-expr","locations":[{"start":{"line":21,"column":31},"end":{"line":21,"column":33}},{"start":{"line":21,"column":31},"end":{"line":21,"column":35}}]},"17":{"loc":{"start":{"line":21,"column":20},"end":{"line":21,"column":33}},"type":"binary-expr","locations":[{"start":{"line":21,"column":20},"end":{"line":21,"column":33}},{"start":{"line":21,"column":31},"end":{"line":21,"column":33}}]},"18":{"loc":{"start":{"line":21,"column":20},"end":{"line":21,"column":31}},"type":"cond-expr","locations":[{"start":{"line":21,"column":24},"end":{"line":21,"column":26}},{"start":{"line":21,"column":20},"end":{"line":21,"column":31}}]},"19":{"loc":{"start":{"line":21,"column":20},"end":{"line":21,"column":26}},"type":"binary-expr","locations":[{"start":{"line":21,"column":20},"end":{"line":21,"column":26}},{"start":{"line":21,"column":20},"end":{"line":21,"column":26}}]}},"s":{"0":1,"1":1,"2":1,"3":0,"4":0,"5":0,"6":0,"7":0,"8":0,"9":0,"10":0,"11":0,"12":0,"13":0,"14":1},"f":{"0":0},"b":{"0":[0],"1":[0,0,0],"2":[0,0],"3":[0,0],"4":[0,0],"5":[0,0],"6":[0,0],"7":[0,0],"8":[0,0],"9":[0,0],"10":[0,0],"11":[0,0],"12":[0,0],"13":[0,0],"14":[0,0],"15":[0,0],"16":[0,0],"17":[0,0],"18":[0,0],"19":[0,0]}}
,"/Users/tunguyen/Sites/interview-exercise-backend-main/webhooks/src/controllers/wh/wh.controller.ts": {"path":"/Users/tunguyen/Sites/interview-exercise-backend-main/webhooks/src/controllers/wh/wh.controller.ts","statementMap":{"0":{"start":{"line":4,"column":4},"end":{"line":19,"column":null}},"1":{"start":{"line":6,"column":29},"end":{"line":6,"column":37}},"2":{"start":{"line":7,"column":8},"end":{"line":15,"column":66}},"3":{"start":{"line":9,"column":28},"end":{"line":13,"column":14}},"4":{"start":{"line":14,"column":12},"end":{"line":14,"column":30}},"5":{"start":{"line":15,"column":15},"end":{"line":15,"column":66}},"6":{"start":{"line":17,"column":8},"end":{"line":17,"column":40}},"7":{"start":{"line":18,"column":8},"end":{"line":18,"column":59}},"8":{"start":{"line":3,"column":0},"end":{"line":3,"column":22}}},"fnMap":{"0":{"name":"wh","decl":{"start":{"line":3,"column":22},"end":{"line":3,"column":24}},"loc":{"start":{"line":3,"column":48},"end":{"line":20,"column":null}}}},"branchMap":{"0":{"loc":{"start":{"line":7,"column":8},"end":{"line":15,"column":66}},"type":"if","locations":[{"start":{"line":7,"column":8},"end":{"line":15,"column":66}},{"start":{"line":15,"column":15},"end":{"line":15,"column":66}}]},"1":{"loc":{"start":{"line":7,"column":12},"end":{"line":7,"column":43}},"type":"binary-expr","locations":[{"start":{"line":7,"column":12},"end":{"line":7,"column":24}},{"start":{"line":7,"column":28},"end":{"line":7,"column":43}}]}},"s":{"0":1,"1":1,"2":1,"3":1,"4":1,"5":0,"6":0,"7":0,"8":1},"f":{"0":1},"b":{"0":[1,0],"1":[1,1]}}
,"/Users/tunguyen/Sites/interview-exercise-backend-main/webhooks/src/entity/audit.ts": {"path":"/Users/tunguyen/Sites/interview-exercise-backend-main/webhooks/src/entity/audit.ts","statementMap":{"0":{"start":{"line":1,"column":0},"end":{"line":1,"column":74}},"1":{"start":{"line":4,"column":0},"end":{"line":13,"column":null}},"2":{"start":{"line":6,"column":2},"end":{"line":6,"column":null}},"3":{"start":{"line":9,"column":2},"end":{"line":9,"column":null}},"4":{"start":{"line":12,"column":2},"end":{"line":12,"column":null}},"5":{"start":{"line":4,"column":13},"end":{"line":13,"column":null}},"6":{"start":{"line":4,"column":13},"end":{"line":4,"column":18}}},"fnMap":{},"branchMap":{},"s":{"0":4,"1":4,"2":4,"3":4,"4":4,"5":4,"6":4},"f":{},"b":{}}
,"/Users/tunguyen/Sites/interview-exercise-backend-main/webhooks/src/entity/users.ts": {"path":"/Users/tunguyen/Sites/interview-exercise-backend-main/webhooks/src/entity/users.ts","statementMap":{"0":{"start":{"line":1,"column":0},"end":{"line":1,"column":56}},"1":{"start":{"line":4,"column":0},"end":{"line":10,"column":null}},"2":{"start":{"line":6,"column":2},"end":{"line":6,"column":null}},"3":{"start":{"line":9,"column":2},"end":{"line":9,"column":null}},"4":{"start":{"line":4,"column":13},"end":{"line":10,"column":null}},"5":{"start":{"line":4,"column":13},"end":{"line":4,"column":17}}},"fnMap":{},"branchMap":{},"s":{"0":4,"1":4,"2":4,"3":4,"4":4,"5":4},"f":{},"b":{}}
,"/Users/tunguyen/Sites/interview-exercise-backend-main/webhooks/src/services/auth.service.ts": {"path":"/Users/tunguyen/Sites/interview-exercise-backend-main/webhooks/src/services/auth.service.ts","statementMap":{"0":{"start":{"line":2,"column":0},"end":{"line":2,"column":40}},"1":{"start":{"line":3,"column":0},"end":{"line":3,"column":39}},"2":{"start":{"line":6,"column":4},"end":{"line":35,"column":null}},"3":{"start":{"line":7,"column":31},"end":{"line":7,"column":50}},"4":{"start":{"line":8,"column":8},"end":{"line":10,"column":null}},"5":{"start":{"line":9,"column":12},"end":{"line":9,"column":64}},"6":{"start":{"line":11,"column":22},"end":{"line":11,"column":61}},"7":{"start":{"line":13,"column":8},"end":{"line":32,"column":null}},"8":{"start":{"line":14,"column":12},"end":{"line":14,"column":37}},"9":{"start":{"line":15,"column":12},"end":{"line":15,"column":36}},"10":{"start":{"line":16,"column":12},"end":{"line":16,"column":35}},"11":{"start":{"line":17,"column":12},"end":{"line":17,"column":19}},"12":{"start":{"line":19,"column":29},"end":{"line":19,"column":118}},"13":{"start":{"line":20,"column":12},"end":{"line":22,"column":null}},"14":{"start":{"line":21,"column":16},"end":{"line":21,"column":68}},"15":{"start":{"line":23,"column":28},"end":{"line":23,"column":79}},"16":{"start":{"line":24,"column":12},"end":{"line":31,"column":null}},"17":{"start":{"line":25,"column":16},"end":{"line":25,"column":37}},"18":{"start":{"line":26,"column":16},"end":{"line":26,"column":39}},"19":{"start":{"line":27,"column":16},"end":{"line":27,"column":39}},"20":{"start":{"line":28,"column":16},"end":{"line":28,"column":23}},"21":{"start":{"line":30,"column":16},"end":{"line":30,"column":68}},"22":{"start":{"line":34,"column":8},"end":{"line":34,"column":18}},"23":{"start":{"line":5,"column":0},"end":{"line":5,"column":22}}},"fnMap":{"0":{"name":"verifyToken","decl":{"start":{"line":5,"column":22},"end":{"line":5,"column":33}},"loc":{"start":{"line":5,"column":77},"end":{"line":36,"column":null}}}},"branchMap":{"0":{"loc":{"start":{"line":8,"column":8},"end":{"line":10,"column":null}},"type":"if","locations":[{"start":{"line":8,"column":8},"end":{"line":10,"column":null}}]},"1":{"loc":{"start":{"line":8,"column":11},"end":{"line":8,"column":81}},"type":"binary-expr","locations":[{"start":{"line":8,"column":11},"end":{"line":8,"column":37}},{"start":{"line":8,"column":41},"end":{"line":8,"column":81}}]},"2":{"loc":{"start":{"line":13,"column":8},"end":{"line":32,"column":null}},"type":"if","locations":[{"start":{"line":13,"column":8},"end":{"line":32,"column":null}},{"start":{"line":18,"column":14},"end":{"line":32,"column":null}}]},"3":{"loc":{"start":{"line":20,"column":12},"end":{"line":22,"column":null}},"type":"if","locations":[{"start":{"line":20,"column":12},"end":{"line":22,"column":null}}]},"4":{"loc":{"start":{"line":24,"column":12},"end":{"line":31,"column":null}},"type":"if","locations":[{"start":{"line":24,"column":12},"end":{"line":31,"column":null}},{"start":{"line":29,"column":19},"end":{"line":31,"column":null}}]},"5":{"loc":{"start":{"line":24,"column":16},"end":{"line":24,"column":41}},"type":"binary-expr","locations":[{"start":{"line":24,"column":16},"end":{"line":24,"column":25}},{"start":{"line":24,"column":29},"end":{"line":24,"column":41}}]}},"s":{"0":1,"1":1,"2":3,"3":3,"4":3,"5":0,"6":3,"7":3,"8":1,"9":1,"10":1,"11":1,"12":2,"13":2,"14":1,"15":1,"16":1,"17":0,"18":0,"19":0,"20":0,"21":1,"22":0,"23":1},"f":{"0":3},"b":{"0":[0],"1":[3,3],"2":[1,2],"3":[1],"4":[0,1],"5":[1,0]}}
,"/Users/tunguyen/Sites/interview-exercise-backend-main/webhooks/src/ultils/db.ts": {"path":"/Users/tunguyen/Sites/interview-exercise-backend-main/webhooks/src/ultils/db.ts","statementMap":{"0":{"start":{"line":1,"column":0},"end":{"line":1,"column":53}},"1":{"start":{"line":3,"column":4},"end":{"line":23,"column":null}},"2":{"start":{"line":4,"column":8},"end":{"line":22,"column":null}},"3":{"start":{"line":18,"column":36},"end":{"line":20,"column":14}},"4":{"start":{"line":19,"column":16},"end":{"line":19,"column":36}},"5":{"start":{"line":21,"column":12},"end":{"line":21,"column":24}},"6":{"start":{"line":2,"column":0},"end":{"line":2,"column":22}},"7":{"start":{"line":27,"column":4},"end":{"line":27,"column":36}},"8":{"start":{"line":26,"column":0},"end":{"line":26,"column":22}}},"fnMap":{"0":{"name":"createDB","decl":{"start":{"line":2,"column":22},"end":{"line":2,"column":30}},"loc":{"start":{"line":2,"column":30},"end":{"line":24,"column":null}}},"1":{"name":"(anonymous_9)","decl":{"start":{"line":3,"column":35},"end":{"line":3,"column":45}},"loc":{"start":{"line":3,"column":60},"end":{"line":23,"column":5}}},"2":{"name":"(anonymous_10)","decl":{"start":{"line":18,"column":15},"end":{"line":18,"column":22}},"loc":{"start":{"line":18,"column":36},"end":{"line":20,"column":14}}},"3":{"name":"(anonymous_11)","decl":{"start":{"line":18,"column":36},"end":{"line":18,"column":null}},"loc":{"start":{"line":18,"column":36},"end":{"line":20,"column":13}}},"4":{"name":"(anonymous_12)","decl":{"start":{"line":20,"column":21},"end":{"line":20,"column":31}},"loc":{"start":{"line":20,"column":34},"end":{"line":22,"column":9}}},"5":{"name":"closeDB","decl":{"start":{"line":26,"column":22},"end":{"line":26,"column":29}},"loc":{"start":{"line":26,"column":52},"end":{"line":28,"column":null}}}},"branchMap":{"0":{"loc":{"start":{"line":6,"column":24},"end":{"line":6,"column":58}},"type":"binary-expr","locations":[{"start":{"line":6,"column":24},"end":{"line":6,"column":43}},{"start":{"line":6,"column":47},"end":{"line":6,"column":58}}]},"1":{"loc":{"start":{"line":8,"column":28},"end":{"line":8,"column":66}},"type":"binary-expr","locations":[{"start":{"line":8,"column":28},"end":{"line":8,"column":51}},{"start":{"line":8,"column":55},"end":{"line":8,"column":66}}]},"2":{"loc":{"start":{"line":9,"column":28},"end":{"line":9,"column":57}},"type":"binary-expr","locations":[{"start":{"line":9,"column":28},"end":{"line":9,"column":51}},{"start":{"line":9,"column":55},"end":{"line":9,"column":57}}]},"3":{"loc":{"start":{"line":10,"column":28},"end":{"line":10,"column":66}},"type":"binary-expr","locations":[{"start":{"line":10,"column":28},"end":{"line":10,"column":51}},{"start":{"line":10,"column":55},"end":{"line":10,"column":66}}]}},"s":{"0":4,"1":6,"2":6,"3":6,"4":6,"5":0,"6":4,"7":5,"8":4},"f":{"0":6,"1":6,"2":6,"3":6,"4":0,"5":5},"b":{"0":[6,0],"1":[6,0],"2":[6,0],"3":[6,0]}}
,"/Users/tunguyen/Sites/interview-exercise-backend-main/webhooks/src/ultils/server.ts": {"path":"/Users/tunguyen/Sites/interview-exercise-backend-main/webhooks/src/ultils/server.ts","statementMap":{"0":{"start":{"line":1,"column":0},"end":{"line":1,"column":56}},"1":{"start":{"line":2,"column":0},"end":{"line":2,"column":24}},"2":{"start":{"line":3,"column":0},"end":{"line":3,"column":31}},"3":{"start":{"line":4,"column":12},"end":{"line":4,"column":21}},"4":{"start":{"line":7,"column":4},"end":{"line":7,"column":28}},"5":{"start":{"line":8,"column":4},"end":{"line":8,"column":20}},"6":{"start":{"line":9,"column":4},"end":{"line":9,"column":24}},"7":{"start":{"line":11,"column":4},"end":{"line":14,"column":7}},"8":{"start":{"line":12,"column":8},"end":{"line":12,"column":27}},"9":{"start":{"line":13,"column":8},"end":{"line":13,"column":51}},"10":{"start":{"line":16,"column":4},"end":{"line":16,"column":15}},"11":{"start":{"line":6,"column":0},"end":{"line":6,"column":22}}},"fnMap":{"0":{"name":"createServer","decl":{"start":{"line":6,"column":22},"end":{"line":6,"column":34}},"loc":{"start":{"line":6,"column":34},"end":{"line":17,"column":null}}},"1":{"name":"(anonymous_10)","decl":{"start":{"line":11,"column":12},"end":{"line":11,"column":22}},"loc":{"start":{"line":11,"column":77},"end":{"line":14,"column":5}}}},"branchMap":{},"s":{"0":1,"1":1,"2":1,"3":1,"4":1,"5":1,"6":1,"7":1,"8":0,"9":0,"10":1,"11":1},"f":{"0":1,"1":0},"b":{}}
}
