TN:
SF:dist/entity/audit.js
FN:2,(anonymous_0)
FN:8,(anonymous_1)
FNF:2
FNH:2
FNDA:8,(anonymous_0)
FNDA:6,(anonymous_1)
DA:2,2
DA:3,8
DA:4,8
DA:5,0
DA:6,8
DA:8,2
DA:9,6
DA:11,2
DA:12,2
DA:13,2
DA:14,2
DA:16,2
DA:20,2
DA:24,2
DA:28,2
DA:31,2
LF:16
LH:15
BRDA:2,0,0,2
BRDA:2,0,1,2
BRDA:2,0,2,2
BRDA:3,1,0,2
BRDA:3,1,1,6
BRDA:3,2,0,0
BRDA:3,2,1,6
BRDA:4,3,0,8
BRDA:4,3,1,0
BRDA:4,4,0,8
BRDA:4,4,1,8
BRDA:5,5,0,0
BRDA:5,5,1,0
BRDA:5,6,0,0
BRDA:5,6,1,0
BRDA:5,7,0,0
BRDA:5,7,1,0
BRDA:5,8,0,0
BRDA:5,8,1,0
BRDA:6,9,0,8
BRDA:6,9,1,6
BRDA:6,9,2,0
BRDA:8,10,0,2
BRDA:8,10,1,2
BRDA:8,10,2,2
BRDA:9,11,0,6
BRDA:9,11,1,0
BRDA:9,12,0,6
BRDA:9,12,1,6
BRF:29
BRH:17
end_of_record
TN:
SF:dist/entity/users.js
FN:2,(anonymous_0)
FN:8,(anonymous_1)
FNF:2
FNH:2
FNDA:6,(anonymous_0)
FNDA:4,(anonymous_1)
DA:2,2
DA:3,6
DA:4,6
DA:5,0
DA:6,6
DA:8,2
DA:9,4
DA:11,2
DA:12,2
DA:13,2
DA:14,2
DA:16,2
DA:20,2
DA:24,2
DA:27,2
LF:15
LH:14
BRDA:2,0,0,2
BRDA:2,0,1,2
BRDA:2,0,2,2
BRDA:3,1,0,2
BRDA:3,1,1,4
BRDA:3,2,0,0
BRDA:3,2,1,4
BRDA:4,3,0,6
BRDA:4,3,1,0
BRDA:4,4,0,6
BRDA:4,4,1,6
BRDA:5,5,0,0
BRDA:5,5,1,0
BRDA:5,6,0,0
BRDA:5,6,1,0
BRDA:5,7,0,0
BRDA:5,7,1,0
BRDA:5,8,0,0
BRDA:5,8,1,0
BRDA:6,9,0,6
BRDA:6,9,1,4
BRDA:6,9,2,0
BRDA:8,10,0,2
BRDA:8,10,1,2
BRDA:8,10,2,2
BRDA:9,11,0,4
BRDA:9,11,1,0
BRDA:9,12,0,4
BRDA:9,12,1,4
BRF:29
BRH:17
end_of_record
TN:
SF:src/routes.ts
FNF:0
FNH:0
DA:1,1
DA:2,1
DA:5,1
DA:8,1
DA:10,1
DA:12,1
DA:16,1
LF:7
LH:7
BRF:0
BRH:0
end_of_record
TN:
SF:src/controllers/events/events.controller.ts
FN:6,todoItemEvent
FNF:1
FNH:0
FNDA:0,todoItemEvent
DA:2,1
DA:3,1
DA:4,1
DA:6,1
DA:7,0
DA:9,0
DA:10,0
DA:11,0
DA:12,0
DA:13,0
DA:15,0
DA:24,0
DA:25,0
DA:27,0
DA:28,0
LF:15
LH:4
BRDA:12,0,0,0
BRDA:12,1,0,0
BRDA:12,1,1,0
BRDA:12,1,2,0
BRDA:12,2,0,0
BRDA:12,2,1,0
BRDA:12,3,0,0
BRDA:12,3,1,0
BRDA:12,4,0,0
BRDA:12,4,1,0
BRDA:12,5,0,0
BRDA:12,5,1,0
BRDA:18,6,0,0
BRDA:18,6,1,0
BRDA:18,7,0,0
BRDA:18,7,1,0
BRDA:18,8,0,0
BRDA:18,8,1,0
BRDA:18,9,0,0
BRDA:18,9,1,0
BRDA:19,10,0,0
BRDA:19,10,1,0
BRDA:19,11,0,0
BRDA:19,11,1,0
BRDA:19,12,0,0
BRDA:19,12,1,0
BRDA:19,13,0,0
BRDA:19,13,1,0
BRDA:20,14,0,0
BRDA:20,14,1,0
BRDA:20,15,0,0
BRDA:20,15,1,0
BRDA:21,16,0,0
BRDA:21,16,1,0
BRDA:21,17,0,0
BRDA:21,17,1,0
BRDA:21,18,0,0
BRDA:21,18,1,0
BRDA:21,19,0,0
BRDA:21,19,1,0
BRF:40
BRH:0
end_of_record
TN:
SF:src/controllers/wh/wh.controller.ts
FN:3,wh
FNF:1
FNH:1
FNDA:1,wh
DA:3,1
DA:4,1
DA:6,1
DA:7,1
DA:9,1
DA:14,1
DA:15,1
DA:16,0
DA:18,0
DA:19,0
LF:10
LH:7
BRDA:7,0,0,1
BRDA:7,0,1,0
BRDA:7,1,0,1
BRDA:7,1,1,1
BRF:4
BRH:3
end_of_record
TN:
SF:src/entity/audit.ts
FNF:0
FNH:0
DA:1,2
DA:4,2
DA:6,2
DA:9,2
DA:12,2
LF:5
LH:5
BRF:0
BRH:0
end_of_record
TN:
SF:src/entity/users.ts
FNF:0
FNH:0
DA:1,2
DA:4,2
DA:6,2
DA:9,2
LF:4
LH:4
BRF:0
BRH:0
end_of_record
TN:
SF:src/services/auth.service.ts
FN:5,verifyToken
FNF:1
FNH:1
FNDA:2,verifyToken
DA:2,1
DA:3,1
DA:5,1
DA:6,2
DA:7,2
DA:8,2
DA:9,0
DA:11,2
DA:13,2
DA:14,1
DA:15,1
DA:16,1
DA:17,1
DA:19,1
DA:20,1
DA:21,1
DA:23,0
DA:24,0
DA:25,0
DA:26,0
DA:27,0
DA:28,0
DA:30,0
DA:34,0
LF:24
LH:15
BRDA:8,0,0,0
BRDA:8,1,0,2
BRDA:8,1,1,2
BRDA:13,2,0,1
BRDA:13,2,1,1
BRDA:20,3,0,1
BRDA:24,4,0,0
BRDA:24,4,1,0
BRDA:24,5,0,0
BRDA:24,5,1,0
BRF:10
BRH:5
end_of_record
TN:
SF:src/ultils/db.ts
FN:4,createDB
FN:5,(anonymous_15)
FN:20,(anonymous_16)
FN:20,(anonymous_17)
FN:22,(anonymous_18)
FN:28,closeDB
FNF:6
FNH:5
FNDA:2,createDB
FNDA:2,(anonymous_15)
FNDA:2,(anonymous_16)
FNDA:2,(anonymous_17)
FNDA:0,(anonymous_18)
FNDA:1,closeDB
DA:1,2
DA:2,2
DA:3,2
DA:4,2
DA:5,2
DA:6,2
DA:20,2
DA:21,2
DA:23,0
DA:28,2
DA:29,1
LF:11
LH:10
BRF:0
BRH:0
end_of_record
TN:
SF:src/ultils/server.ts
FN:6,createServer
FN:11,(anonymous_10)
FNF:2
FNH:1
FNDA:1,createServer
FNDA:0,(anonymous_10)
DA:1,1
DA:2,1
DA:3,1
DA:4,1
DA:6,1
DA:7,1
DA:8,1
DA:9,1
DA:11,1
DA:12,0
DA:13,0
DA:16,1
LF:12
LH:10
BRF:0
BRH:0
end_of_record
