TN:
SF:src/routes.ts
FNF:0
FNH:0
DA:1,1
DA:2,1
DA:5,1
DA:8,1
DA:10,1
DA:12,1
DA:16,1
LF:7
LH:7
BRF:0
BRH:0
end_of_record
TN:
SF:src/controllers/events/events.controller.ts
FN:6,todoItemEvent
FNF:1
FNH:0
FNDA:0,todoItemEvent
DA:2,1
DA:3,1
DA:4,1
DA:6,1
DA:7,0
DA:9,0
DA:10,0
DA:11,0
DA:12,0
DA:13,0
DA:15,0
DA:24,0
DA:25,0
DA:27,0
DA:28,0
LF:15
LH:4
BRDA:12,0,0,0
BRDA:12,1,0,0
BRDA:12,1,1,0
BRDA:12,1,2,0
BRDA:12,2,0,0
BRDA:12,2,1,0
BRDA:12,3,0,0
BRDA:12,3,1,0
BRDA:12,4,0,0
BRDA:12,4,1,0
BRDA:12,5,0,0
BRDA:12,5,1,0
BRDA:18,6,0,0
BRDA:18,6,1,0
BRDA:18,7,0,0
BRDA:18,7,1,0
BRDA:18,8,0,0
BRDA:18,8,1,0
BRDA:18,9,0,0
BRDA:18,9,1,0
BRDA:19,10,0,0
BRDA:19,10,1,0
BRDA:19,11,0,0
BRDA:19,11,1,0
BRDA:19,12,0,0
BRDA:19,12,1,0
BRDA:19,13,0,0
BRDA:19,13,1,0
BRDA:20,14,0,0
BRDA:20,14,1,0
BRDA:20,15,0,0
BRDA:20,15,1,0
BRDA:21,16,0,0
BRDA:21,16,1,0
BRDA:21,17,0,0
BRDA:21,17,1,0
BRDA:21,18,0,0
BRDA:21,18,1,0
BRDA:21,19,0,0
BRDA:21,19,1,0
BRF:40
BRH:0
end_of_record
TN:
SF:src/controllers/wh/wh.controller.ts
FN:3,wh
FNF:1
FNH:1
FNDA:1,wh
DA:3,1
DA:4,1
DA:6,1
DA:7,1
DA:9,1
DA:14,1
DA:15,0
DA:17,0
DA:18,0
LF:9
LH:6
BRDA:7,0,0,1
BRDA:7,0,1,0
BRDA:7,1,0,1
BRDA:7,1,1,1
BRF:4
BRH:3
end_of_record
TN:
SF:src/entity/audit.ts
FNF:0
FNH:0
DA:1,4
DA:4,4
DA:6,4
DA:9,4
DA:12,4
LF:5
LH:5
BRF:0
BRH:0
end_of_record
TN:
SF:src/entity/users.ts
FNF:0
FNH:0
DA:1,4
DA:4,4
DA:6,4
DA:9,4
LF:4
LH:4
BRF:0
BRH:0
end_of_record
TN:
SF:src/services/auth.service.ts
FN:5,verifyToken
FNF:1
FNH:1
FNDA:3,verifyToken
DA:2,1
DA:3,1
DA:5,1
DA:6,3
DA:7,3
DA:8,3
DA:9,0
DA:11,3
DA:13,3
DA:14,1
DA:15,1
DA:16,1
DA:17,1
DA:19,2
DA:20,2
DA:21,1
DA:23,1
DA:24,1
DA:25,0
DA:26,0
DA:27,0
DA:28,0
DA:30,1
DA:34,0
LF:24
LH:18
BRDA:8,0,0,0
BRDA:8,1,0,3
BRDA:8,1,1,3
BRDA:13,2,0,1
BRDA:13,2,1,2
BRDA:20,3,0,1
BRDA:24,4,0,0
BRDA:24,4,1,1
BRDA:24,5,0,1
BRDA:24,5,1,0
BRF:10
BRH:7
end_of_record
TN:
SF:src/ultils/db.ts
FN:2,createDB
FN:3,(anonymous_9)
FN:18,(anonymous_10)
FN:18,(anonymous_11)
FN:20,(anonymous_12)
FN:26,closeDB
FNF:6
FNH:5
FNDA:6,createDB
FNDA:6,(anonymous_9)
FNDA:6,(anonymous_10)
FNDA:6,(anonymous_11)
FNDA:0,(anonymous_12)
FNDA:5,closeDB
DA:1,4
DA:2,4
DA:3,6
DA:4,6
DA:18,6
DA:19,6
DA:21,0
DA:26,4
DA:27,5
LF:9
LH:8
BRDA:6,0,0,6
BRDA:6,0,1,0
BRDA:8,1,0,6
BRDA:8,1,1,0
BRDA:9,2,0,6
BRDA:9,2,1,0
BRDA:10,3,0,6
BRDA:10,3,1,0
BRF:8
BRH:4
end_of_record
TN:
SF:src/ultils/server.ts
FN:6,createServer
FN:11,(anonymous_10)
FNF:2
FNH:1
FNDA:1,createServer
FNDA:0,(anonymous_10)
DA:1,1
DA:2,1
DA:3,1
DA:4,1
DA:6,1
DA:7,1
DA:8,1
DA:9,1
DA:11,1
DA:12,0
DA:13,0
DA:16,1
LF:12
LH:10
BRF:0
BRH:0
end_of_record
